-------------------------------------------------------------------------------
Test set: org.solent.parking.project.dao.jaxbimpl.test.EntityDAOJaxbImplTest
-------------------------------------------------------------------------------
Tests run: 1, Failures: 0, Errors: 1, Skipped: 0, Time elapsed: 0.68 sec <<< FAILURE!
testDestinationsDAOJaxb(org.solent.parking.project.dao.jaxbimpl.test.EntityDAOJaxbImplTest)  Time elapsed: 0.083 sec  <<< ERROR!
java.lang.RuntimeException: problem persisting dao
	at org.solent.parking.project.dao.jaxbimpl.EntityDAOJaxbImpl.save(EntityDAOJaxbImpl.java:279)
	at org.solent.parking.project.dao.jaxbimpl.EntityDAOJaxbImpl.load(EntityDAOJaxbImpl.java:253)
	at org.solent.parking.project.dao.jaxbimpl.EntityDAOJaxbImpl.<init>(EntityDAOJaxbImpl.java:53)
	at org.solent.parking.project.dao.jaxbimpl.test.EntityDAOJaxbImplTest.testDestinationsDAOJaxb(EntityDAOJaxbImplTest.java:39)
	at sun.reflect.NativeMethodAccessorImpl.invoke0(Native Method)
	at sun.reflect.NativeMethodAccessorImpl.invoke(NativeMethodAccessorImpl.java:62)
	at sun.reflect.DelegatingMethodAccessorImpl.invoke(DelegatingMethodAccessorImpl.java:43)
	at java.lang.reflect.Method.invoke(Method.java:498)
	at org.junit.runners.model.FrameworkMethod$1.runReflectiveCall(FrameworkMethod.java:50)
	at org.junit.internal.runners.model.ReflectiveCallable.run(ReflectiveCallable.java:12)
	at org.junit.runners.model.FrameworkMethod.invokeExplosively(FrameworkMethod.java:47)
	at org.junit.internal.runners.statements.InvokeMethod.evaluate(InvokeMethod.java:17)
	at org.junit.runners.ParentRunner.runLeaf(ParentRunner.java:325)
	at org.junit.runners.BlockJUnit4ClassRunner.runChild(BlockJUnit4ClassRunner.java:78)
	at org.junit.runners.BlockJUnit4ClassRunner.runChild(BlockJUnit4ClassRunner.java:57)
	at org.junit.runners.ParentRunner$3.run(ParentRunner.java:290)
	at org.junit.runners.ParentRunner$1.schedule(ParentRunner.java:71)
	at org.junit.runners.ParentRunner.runChildren(ParentRunner.java:288)
	at org.junit.runners.ParentRunner.access$000(ParentRunner.java:58)
	at org.junit.runners.ParentRunner$2.evaluate(ParentRunner.java:268)
	at org.junit.runners.ParentRunner.run(ParentRunner.java:363)
	at org.apache.maven.surefire.junit4.JUnit4TestSet.execute(JUnit4TestSet.java:53)
	at org.apache.maven.surefire.junit4.JUnit4Provider.executeTestSet(JUnit4Provider.java:123)
	at org.apache.maven.surefire.junit4.JUnit4Provider.invoke(JUnit4Provider.java:104)
	at sun.reflect.NativeMethodAccessorImpl.invoke0(Native Method)
	at sun.reflect.NativeMethodAccessorImpl.invoke(NativeMethodAccessorImpl.java:62)
	at sun.reflect.DelegatingMethodAccessorImpl.invoke(DelegatingMethodAccessorImpl.java:43)
	at java.lang.reflect.Method.invoke(Method.java:498)
	at org.apache.maven.surefire.util.ReflectionUtils.invokeMethodWithArray(ReflectionUtils.java:164)
	at org.apache.maven.surefire.booter.ProviderFactory$ProviderProxy.invoke(ProviderFactory.java:110)
	at org.apache.maven.surefire.booter.SurefireStarter.invokeProvider(SurefireStarter.java:175)
	at org.apache.maven.surefire.booter.SurefireStarter.runSuitesInProcessWhenForked(SurefireStarter.java:107)
	at org.apache.maven.surefire.booter.ForkedBooter.main(ForkedBooter.java:68)
Caused by: javax.xml.bind.JAXBException: class org.solent.parking.project.model.EntityList nor any of its super class is known to this context.
	at com.sun.xml.internal.bind.v2.runtime.JAXBContextImpl.getBeanInfo(JAXBContextImpl.java:567)
	at com.sun.xml.internal.bind.v2.runtime.XMLSerializer.childAsRoot(XMLSerializer.java:467)
	at com.sun.xml.internal.bind.v2.runtime.MarshallerImpl.write(MarshallerImpl.java:308)
	at com.sun.xml.internal.bind.v2.runtime.MarshallerImpl.marshal(MarshallerImpl.java:236)
	at javax.xml.bind.helpers.AbstractMarshallerImpl.marshal(AbstractMarshallerImpl.java:103)
	at org.solent.parking.project.dao.jaxbimpl.EntityDAOJaxbImpl.save(EntityDAOJaxbImpl.java:271)
	... 32 more
